{"level":"info","message":"[3/3] retrieved: All API keys loaded successfully","timestamp":"2025-10-12 16:57:47"}
{"level":"info","message":"Authorization: true, User Signature: true","timestamp":"2025-10-12 16:57:47"}
{"level":"info","message":"Rate limit status: true, remaining: 9, resetTime: Sun Oct 12 2025 16:58:47 GMT+0200 (heure d’été d’Europe centrale)","timestamp":"2025-10-12 16:57:47"}
{"level":"info","message":"Access type: monthly","timestamp":"2025-10-12 16:57:47"}
{"level":"info","message":"Translation completed","originalKeys":["message","users","growth","period"],"targetLanguage":"en","timestamp":"2025-10-12 16:57:48"}
{"level":"info","message":"Translation completed","originalKeys":["success","message","accessType","data","rateLimit"],"targetLanguage":"en","timestamp":"2025-10-12 16:57:49"}
{"level":"info","message":"[3/3] retrieved: All API keys loaded successfully","timestamp":"2025-10-12 17:05:41"}
{"level":"info","message":"Authorization: true, User Signature: true","timestamp":"2025-10-12 17:05:41"}
{"level":"info","message":"Rate limit status: true, remaining: 9, resetTime: Sun Oct 12 2025 17:06:41 GMT+0200 (heure d’été d’Europe centrale)","timestamp":"2025-10-12 17:05:41"}
{"level":"info","message":"Access type: daily","timestamp":"2025-10-12 17:05:41"}
{"level":"info","message":"Translation completed","originalKeys":["message","users","activeSessions","date"],"targetLanguage":"en","timestamp":"2025-10-12 17:05:41"}
{"level":"info","message":"Translation completed","originalKeys":["success","message","accessType","data","rateLimit"],"targetLanguage":"en","timestamp":"2025-10-12 17:05:42"}
{"level":"info","message":"Authorization: true, User Signature: true","timestamp":"2025-10-12 17:08:38"}
{"level":"info","message":"Rate limit status: true, remaining: 9, resetTime: Sun Oct 12 2025 17:09:38 GMT+0200 (heure d’été d’Europe centrale)","timestamp":"2025-10-12 17:08:38"}
{"level":"info","message":"Access type: daily","timestamp":"2025-10-12 17:08:38"}
{"level":"info","message":"Translation completed","originalKeys":["message","users","activeSessions","date"],"targetLanguage":"en","timestamp":"2025-10-12 17:08:38"}
{"level":"info","message":"Translation completed","originalKeys":["success","message","accessType","data","rateLimit"],"targetLanguage":"en","timestamp":"2025-10-12 17:08:39"}
{"level":"info","message":"Authorization: true, User Signature: true","timestamp":"2025-10-12 17:08:42"}
{"level":"info","message":"Rate limit status: true, remaining: 8, resetTime: Sun Oct 12 2025 17:09:42 GMT+0200 (heure d’été d’Europe centrale)","timestamp":"2025-10-12 17:08:42"}
{"level":"info","message":"Access type: daily","timestamp":"2025-10-12 17:08:42"}
{"level":"info","message":"Translation completed","originalKeys":["message","users","activeSessions","date"],"targetLanguage":"en","timestamp":"2025-10-12 17:08:43"}
{"level":"info","message":"Translation completed","originalKeys":["success","message","accessType","data","rateLimit"],"targetLanguage":"en","timestamp":"2025-10-12 17:08:43"}
{"level":"info","message":"Authorization: true, User Signature: true","timestamp":"2025-10-12 17:08:44"}
{"level":"info","message":"Rate limit status: true, remaining: 7, resetTime: Sun Oct 12 2025 17:09:44 GMT+0200 (heure d’été d’Europe centrale)","timestamp":"2025-10-12 17:08:44"}
{"level":"info","message":"Access type: daily","timestamp":"2025-10-12 17:08:44"}
{"level":"info","message":"Translation completed","originalKeys":["message","users","activeSessions","date"],"targetLanguage":"en","timestamp":"2025-10-12 17:08:44"}
{"level":"info","message":"Translation completed","originalKeys":["success","message","accessType","data","rateLimit"],"targetLanguage":"en","timestamp":"2025-10-12 17:08:44"}
{"level":"info","message":"Authorization: true, User Signature: true","timestamp":"2025-10-12 17:08:45"}
{"level":"info","message":"Rate limit status: true, remaining: 6, resetTime: Sun Oct 12 2025 17:09:45 GMT+0200 (heure d’été d’Europe centrale)","timestamp":"2025-10-12 17:08:45"}
{"level":"info","message":"Access type: daily","timestamp":"2025-10-12 17:08:45"}
{"level":"info","message":"Translation completed","originalKeys":["message","users","activeSessions","date"],"targetLanguage":"en","timestamp":"2025-10-12 17:08:45"}
{"level":"info","message":"Translation completed","originalKeys":["success","message","accessType","data","rateLimit"],"targetLanguage":"en","timestamp":"2025-10-12 17:08:45"}
{"level":"info","message":"Authorization: true, User Signature: true","timestamp":"2025-10-12 17:08:52"}
{"level":"info","message":"Rate limit status: true, remaining: 5, resetTime: Sun Oct 12 2025 17:09:52 GMT+0200 (heure d’été d’Europe centrale)","timestamp":"2025-10-12 17:08:52"}
{"level":"info","message":"Access type: daily","timestamp":"2025-10-12 17:08:52"}
{"level":"info","message":"Translation completed","originalKeys":["message","users","activeSessions","date"],"targetLanguage":"en","timestamp":"2025-10-12 17:08:52"}
{"level":"info","message":"Translation completed","originalKeys":["success","message","accessType","data","rateLimit"],"targetLanguage":"en","timestamp":"2025-10-12 17:08:52"}
{"level":"info","message":"Authorization: true, User Signature: true","timestamp":"2025-10-12 17:08:52"}
{"level":"info","message":"Rate limit status: true, remaining: 4, resetTime: Sun Oct 12 2025 17:09:52 GMT+0200 (heure d’été d’Europe centrale)","timestamp":"2025-10-12 17:08:52"}
{"level":"info","message":"Access type: daily","timestamp":"2025-10-12 17:08:52"}
{"level":"info","message":"Translation completed","originalKeys":["message","users","activeSessions","date"],"targetLanguage":"en","timestamp":"2025-10-12 17:08:53"}
{"level":"info","message":"Translation completed","originalKeys":["success","message","accessType","data","rateLimit"],"targetLanguage":"en","timestamp":"2025-10-12 17:08:53"}
{"level":"info","message":"Authorization: true, User Signature: true","timestamp":"2025-10-12 17:08:54"}
{"level":"info","message":"Rate limit status: true, remaining: 3, resetTime: Sun Oct 12 2025 17:09:54 GMT+0200 (heure d’été d’Europe centrale)","timestamp":"2025-10-12 17:08:54"}
{"level":"info","message":"Access type: daily","timestamp":"2025-10-12 17:08:54"}
{"level":"info","message":"Translation completed","originalKeys":["message","users","activeSessions","date"],"targetLanguage":"en","timestamp":"2025-10-12 17:08:54"}
{"level":"info","message":"Translation completed","originalKeys":["success","message","accessType","data","rateLimit"],"targetLanguage":"en","timestamp":"2025-10-12 17:08:54"}
{"level":"info","message":"Authorization: true, User Signature: true","timestamp":"2025-10-12 17:08:54"}
{"level":"info","message":"Rate limit status: true, remaining: 2, resetTime: Sun Oct 12 2025 17:09:54 GMT+0200 (heure d’été d’Europe centrale)","timestamp":"2025-10-12 17:08:54"}
{"level":"info","message":"Access type: daily","timestamp":"2025-10-12 17:08:54"}
{"level":"info","message":"Translation completed","originalKeys":["message","users","activeSessions","date"],"targetLanguage":"en","timestamp":"2025-10-12 17:08:54"}
{"level":"info","message":"Translation completed","originalKeys":["success","message","accessType","data","rateLimit"],"targetLanguage":"en","timestamp":"2025-10-12 17:08:55"}
{"level":"info","message":"Authorization: true, User Signature: true","timestamp":"2025-10-12 17:09:00"}
{"level":"info","message":"Rate limit status: true, remaining: 1, resetTime: Sun Oct 12 2025 17:10:00 GMT+0200 (heure d’été d’Europe centrale)","timestamp":"2025-10-12 17:09:00"}
{"level":"info","message":"Access type: daily","timestamp":"2025-10-12 17:09:00"}
{"level":"info","message":"Translation completed","originalKeys":["message","users","activeSessions","date"],"targetLanguage":"en","timestamp":"2025-10-12 17:09:00"}
{"level":"info","message":"Translation completed","originalKeys":["success","message","accessType","data","rateLimit"],"targetLanguage":"en","timestamp":"2025-10-12 17:09:01"}
{"level":"info","message":"Authorization: true, User Signature: true","timestamp":"2025-10-12 17:09:01"}
{"level":"info","message":"Rate limit status: true, remaining: 0, resetTime: Sun Oct 12 2025 17:10:01 GMT+0200 (heure d’été d’Europe centrale)","timestamp":"2025-10-12 17:09:01"}
{"level":"info","message":"Access type: daily","timestamp":"2025-10-12 17:09:01"}
{"level":"info","message":"Translation completed","originalKeys":["message","users","activeSessions","date"],"targetLanguage":"en","timestamp":"2025-10-12 17:09:01"}
{"level":"info","message":"Translation completed","originalKeys":["success","message","accessType","data","rateLimit"],"targetLanguage":"en","timestamp":"2025-10-12 17:09:01"}
{"level":"info","message":"Authorization: true, User Signature: true","timestamp":"2025-10-12 17:09:04"}
{"level":"info","message":"Rate limit status: false, remaining: 0, resetTime: Sun Oct 12 2025 17:10:04 GMT+0200 (heure d’été d’Europe centrale)","timestamp":"2025-10-12 17:09:04"}
{"level":"warn","message":"Rate limit exceeded. User: cacecec8-9efc-4089-bd4f-648a5a6adbdb","timestamp":"2025-10-12 17:09:04"}
{"level":"info","message":"[3/3] retrieved: All API keys loaded successfully","timestamp":"2025-10-12 17:21:02"}
{"level":"info","message":"Authorization: true, User Signature: true","timestamp":"2025-10-12 17:21:02"}
{"level":"info","message":"Rate limit status: true, remaining: 9, resetTime: Sun Oct 12 2025 17:22:02 GMT+0200 (heure d’été d’Europe centrale)","timestamp":"2025-10-12 17:21:02"}
{"level":"info","message":"Access type: monthly","timestamp":"2025-10-12 17:21:02"}
{"level":"info","message":"Translation completed","originalKeys":["message","users","growth","period"],"targetLanguage":"en","timestamp":"2025-10-12 17:21:03"}
{"level":"info","message":"Translation completed","originalKeys":["success","message","accessType","data","rateLimit"],"targetLanguage":"en","timestamp":"2025-10-12 17:21:03"}
{"level":"info","message":"Authorization: true, User Signature: true","timestamp":"2025-10-12 17:22:21"}
{"level":"info","message":"Rate limit status: true, remaining: 9, resetTime: Sun Oct 12 2025 17:23:21 GMT+0200 (heure d’été d’Europe centrale)","timestamp":"2025-10-12 17:22:21"}
{"level":"info","message":"Access type: monthly","timestamp":"2025-10-12 17:22:21"}
{"level":"info","message":"Translation completed","originalKeys":["message","users","growth","period"],"targetLanguage":"en","timestamp":"2025-10-12 17:22:21"}
{"level":"info","message":"Translation completed","originalKeys":["success","message","accessType","data","rateLimit"],"targetLanguage":"en","timestamp":"2025-10-12 17:22:23"}
{"level":"info","message":"[3/3] retrieved: All API keys loaded successfully","timestamp":"2025-10-12 17:31:08"}
{"level":"info","message":"Authorization: true, User Signature: true","timestamp":"2025-10-12 17:31:08"}
{"level":"info","message":"Rate limit status: true, remaining: 9, resetTime: Sun Oct 12 2025 17:32:08 GMT+0200 (heure d’été d’Europe centrale)","timestamp":"2025-10-12 17:31:08"}
{"level":"info","message":"Access type: monthly","timestamp":"2025-10-12 17:31:08"}
{"level":"info","message":"Translation completed","originalKeys":["message","users","growth","period"],"targetLanguage":"en","timestamp":"2025-10-12 17:31:08"}
{"level":"info","message":"Translation completed","originalKeys":["success","message","accessType","data","rateLimit"],"targetLanguage":"en","timestamp":"2025-10-12 17:31:09"}
{"level":"info","message":"[3/3] retrieved: All API keys loaded successfully","timestamp":"2025-10-12 17:34:38"}
{"level":"info","message":"Authorization: true, User Signature: true","timestamp":"2025-10-12 17:34:38"}
{"level":"info","message":"Rate limit status: true, remaining: 9, resetTime: Sun Oct 12 2025 17:35:38 GMT+0200 (heure d’été d’Europe centrale)","timestamp":"2025-10-12 17:34:38"}
{"level":"info","message":"Access type: monthly","timestamp":"2025-10-12 17:34:38"}
{"level":"info","message":"Translation completed","originalKeys":["message","users","growth","period"],"targetLanguage":"en","timestamp":"2025-10-12 17:34:39"}
{"level":"info","message":"Translation completed","originalKeys":["success","message","accessType","data","rateLimit"],"targetLanguage":"en","timestamp":"2025-10-12 17:34:39"}
{"level":"info","message":"[3/3] retrieved: All API keys loaded successfully","timestamp":"2025-10-12 17:38:30"}
{"level":"info","message":"Authorization: true, User Signature: true","timestamp":"2025-10-12 17:38:30"}
{"level":"info","message":"Rate limit status: true, remaining: 9, resetTime: Sun Oct 12 2025 17:39:30 GMT+0200 (heure d’été d’Europe centrale)","timestamp":"2025-10-12 17:38:30"}
{"level":"info","message":"Access type: daily","timestamp":"2025-10-12 17:38:30"}
{"level":"info","message":"Translation completed","originalKeys":["message","users","activeSessions","date"],"targetLanguage":"en","timestamp":"2025-10-12 17:38:30"}
{"level":"info","message":"Translation completed","originalKeys":["success","message","accessType","data","rateLimit"],"targetLanguage":"en","timestamp":"2025-10-12 17:38:31"}
{"level":"info","message":"[3/3] retrieved: All API keys loaded successfully","timestamp":"2025-10-12 17:40:39"}
{"level":"info","message":"Authorization: true, User Signature: true","timestamp":"2025-10-12 17:40:39"}
{"level":"info","message":"Rate limit status: true, remaining: 9, resetTime: Sun Oct 12 2025 17:41:39 GMT+0200 (heure d’été d’Europe centrale)","timestamp":"2025-10-12 17:40:39"}
{"level":"info","message":"Access type: daily","timestamp":"2025-10-12 17:40:39"}
{"level":"info","message":"Translation completed","originalKeys":["message","users","activeSessions","date"],"targetLanguage":"en","timestamp":"2025-10-12 17:40:40"}
{"level":"info","message":"Translation completed","originalKeys":["success","message","accessType","data","rateLimit"],"targetLanguage":"en","timestamp":"2025-10-12 17:40:40"}
{"level":"info","message":"[3/3] retrieved: All API keys loaded successfully","timestamp":"2025-10-12 17:43:07"}
{"level":"info","message":"Authorization: true, User Signature: true","timestamp":"2025-10-12 17:43:07"}
{"level":"error","message":"RATE_LIMIT not set, using default limit of 100 requests per minute","timestamp":"2025-10-12 17:43:07"}
{"level":"info","message":"Rate limit status: true, remaining: 99, resetTime: Sun Oct 12 2025 17:44:07 GMT+0200 (heure d’été d’Europe centrale)","timestamp":"2025-10-12 17:43:07"}
{"level":"info","message":"Access type: daily","timestamp":"2025-10-12 17:43:07"}
{"level":"info","message":"Translation completed","originalKeys":["message","users","activeSessions","date"],"targetLanguage":"en","timestamp":"2025-10-12 17:43:08"}
{"level":"info","message":"Translation completed","originalKeys":["success","message","accessType","data","rateLimit"],"targetLanguage":"en","timestamp":"2025-10-12 17:43:09"}
{"level":"info","message":"[3/3] retrieved: All API keys loaded successfully","timestamp":"2025-10-12 17:45:27"}
{"level":"info","message":"Authorization: true, User Signature: true","timestamp":"2025-10-12 17:45:27"}
{"level":"info","message":"Rate limit status: true, remaining: 9, resetTime: Sun Oct 12 2025 17:46:27 GMT+0200 (heure d’été d’Europe centrale)","timestamp":"2025-10-12 17:45:27"}
{"level":"info","message":"Access type: daily","timestamp":"2025-10-12 17:45:27"}
{"level":"info","message":"Translation completed","originalKeys":["message","users","activeSessions","date"],"targetLanguage":"en","timestamp":"2025-10-12 17:45:27"}
{"level":"info","message":"Translation completed","originalKeys":["success","message","accessType","data","rateLimit"],"targetLanguage":"en","timestamp":"2025-10-12 17:45:28"}
{"level":"info","message":"Authorization: true, User Signature: true","timestamp":"2025-10-12 17:45:35"}
{"level":"info","message":"Rate limit status: true, remaining: 8, resetTime: Sun Oct 12 2025 17:46:35 GMT+0200 (heure d’été d’Europe centrale)","timestamp":"2025-10-12 17:45:35"}
{"level":"info","message":"Access type: daily","timestamp":"2025-10-12 17:45:35"}
{"level":"info","message":"Translation completed","originalKeys":["message","users","activeSessions","date"],"targetLanguage":"en","timestamp":"2025-10-12 17:45:36"}
{"level":"info","message":"Translation completed","originalKeys":["success","message","accessType","data","rateLimit"],"targetLanguage":"en","timestamp":"2025-10-12 17:45:36"}
{"level":"info","message":"[3/3] retrieved: All API keys loaded successfully","timestamp":"2025-10-12 17:46:18"}
{"level":"info","message":"Authorization: true, User Signature: true","timestamp":"2025-10-12 17:46:18"}
{"level":"info","message":"Rate limit status: true, remaining: 9, resetTime: Sun Oct 12 2025 17:47:18 GMT+0200 (heure d’été d’Europe centrale)","timestamp":"2025-10-12 17:46:18"}
{"level":"info","message":"Access type: daily","timestamp":"2025-10-12 17:46:18"}
{"level":"info","message":"Translation completed","originalKeys":["message","users","activeSessions","date"],"targetLanguage":"en","timestamp":"2025-10-12 17:46:18"}
{"level":"info","message":"Translation completed","originalKeys":["success","message","accessType","data","rateLimit"],"targetLanguage":"en","timestamp":"2025-10-12 17:46:18"}
{"level":"info","message":"[3/3] retrieved: All API keys loaded successfully","timestamp":"2025-10-12 17:55:42"}
{"level":"info","message":"Authorization: true, User Signature: true","timestamp":"2025-10-12 17:55:42"}
{"level":"error","message":"RATE_LIMIT not set, using default limit of 100 requests per minute","timestamp":"2025-10-12 17:55:42"}
{"level":"info","message":"Rate limit status: true, remaining: 99, resetTime: Sun Oct 12 2025 17:56:42 GMT+0200 (heure d’été d’Europe centrale)","timestamp":"2025-10-12 17:55:42"}
{"level":"info","message":"Access type: daily","timestamp":"2025-10-12 17:55:42"}
{"level":"info","message":"Translation completed","originalKeys":["message","users","activeSessions","date"],"targetLanguage":"en","timestamp":"2025-10-12 17:55:42"}
{"level":"info","message":"Translation completed","originalKeys":["success","message","accessType","data","rateLimit"],"targetLanguage":"en","timestamp":"2025-10-12 17:55:43"}
{"level":"info","message":"[3/3] retrieved: All API keys loaded successfully","timestamp":"2025-10-12 17:56:27"}
{"level":"info","message":"Authorization: true, User Signature: true","timestamp":"2025-10-12 17:56:27"}
{"level":"error","message":"RATE_LIMIT not set, using default limit of 100 requests per minute","timestamp":"2025-10-12 17:56:27"}
{"level":"info","message":"Rate limit status: true, remaining: 99, resetTime: Sun Oct 12 2025 17:57:27 GMT+0200 (heure d’été d’Europe centrale)","timestamp":"2025-10-12 17:56:27"}
{"level":"info","message":"Access type: daily","timestamp":"2025-10-12 17:56:27"}
{"level":"info","message":"Translation completed","originalKeys":["message","users","activeSessions","date"],"targetLanguage":"en","timestamp":"2025-10-12 17:56:27"}
{"level":"info","message":"Translation completed","originalKeys":["success","message","accessType","data","rateLimit"],"targetLanguage":"en","timestamp":"2025-10-12 17:56:27"}
{"level":"info","message":"[3/3] retrieved: All API keys loaded successfully","timestamp":"2025-10-12 17:56:50"}
{"level":"info","message":"Authorization: true, User Signature: true","timestamp":"2025-10-12 17:56:50"}
{"level":"error","message":"RATE_LIMIT not set, using default limit of 100 requests per minute","timestamp":"2025-10-12 17:56:50"}
{"level":"info","message":"Rate limit status: true, remaining: 99, resetTime: Sun Oct 12 2025 17:57:50 GMT+0200 (heure d’été d’Europe centrale)","timestamp":"2025-10-12 17:56:50"}
{"level":"info","message":"Access type: daily","timestamp":"2025-10-12 17:56:50"}
{"level":"info","message":"Translation completed","originalKeys":["message","users","activeSessions","date"],"targetLanguage":"en","timestamp":"2025-10-12 17:56:50"}
{"level":"info","message":"Translation completed","originalKeys":["success","message","accessType","data","rateLimit"],"targetLanguage":"en","timestamp":"2025-10-12 17:56:51"}
{"level":"info","message":"[3/3] retrieved: All API keys loaded successfully","timestamp":"2025-10-12 17:57:05"}
{"level":"info","message":"Authorization: true, User Signature: true","timestamp":"2025-10-12 17:57:05"}
{"level":"error","message":"RATE_LIMIT not set, using default limit of 100 requests per minute","timestamp":"2025-10-12 17:57:05"}
{"level":"info","message":"Rate limit status: true, remaining: 99, resetTime: Sun Oct 12 2025 17:58:05 GMT+0200 (heure d’été d’Europe centrale)","timestamp":"2025-10-12 17:57:05"}
{"level":"info","message":"Access type: daily","timestamp":"2025-10-12 17:57:05"}
{"level":"info","message":"Translation completed","originalKeys":["message","users","activeSessions","date"],"targetLanguage":"en","timestamp":"2025-10-12 17:57:05"}
{"level":"info","message":"Translation completed","originalKeys":["success","message","accessType","data","rateLimit"],"targetLanguage":"en","timestamp":"2025-10-12 17:57:06"}
